TN:
SF:src/services/store.ts
FN:32,(anonymous_1)
FNF:1
FNH:0
FNDA:0,(anonymous_1)
DA:1,1
DA:3,1
DA:8,1
DA:9,1
DA:10,1
DA:11,1
DA:12,1
DA:15,1
DA:23,1
DA:32,1
DA:33,1
DA:35,1
LF:12
LH:12
BRF:0
BRH:0
end_of_record
TN:
SF:src/slices/constructorSlice.ts
FN:19,(anonymous_2)
FN:25,(anonymous_3)
FN:33,(anonymous_4)
FN:37,(anonymous_5)
FN:39,(anonymous_6)
FN:41,(anonymous_7)
FN:46,(anonymous_8)
FN:48,(anonymous_9)
FN:53,(anonymous_10)
FN:59,(anonymous_11)
FN:60,(anonymous_12)
FNF:11
FNH:9
FNDA:2,(anonymous_2)
FNDA:2,(anonymous_3)
FNDA:1,(anonymous_4)
FNDA:2,(anonymous_5)
FNDA:1,(anonymous_6)
FNDA:2,(anonymous_7)
FNDA:1,(anonymous_8)
FNDA:2,(anonymous_9)
FNDA:1,(anonymous_10)
FNDA:0,(anonymous_11)
FNDA:0,(anonymous_12)
DA:1,2
DA:7,2
DA:9,2
DA:14,2
DA:19,2
DA:26,2
DA:27,1
DA:29,1
DA:37,2
DA:40,1
DA:41,2
DA:43,1
DA:44,1
DA:47,1
DA:48,2
DA:50,1
DA:51,1
DA:54,1
DA:55,1
DA:59,0
DA:60,0
DA:65,2
DA:71,2
DA:73,2
LF:24
LH:22
BRDA:26,0,0,1
BRDA:26,0,1,1
BRF:2
BRH:2
end_of_record
TN:
SF:src/slices/feedSlice.ts
FN:5,(anonymous_13)
FN:9,(anonymous_16)
FN:36,(anonymous_19)
FN:37,(anonymous_20)
FN:38,(anonymous_21)
FN:39,(anonymous_22)
FN:41,(anonymous_23)
FN:43,(anonymous_24)
FN:48,(anonymous_25)
FN:54,(anonymous_26)
FN:59,(anonymous_27)
FN:64,(anonymous_28)
FN:70,(anonymous_29)
FNF:13
FNH:7
FNDA:0,(anonymous_13)
FNDA:0,(anonymous_16)
FNDA:0,(anonymous_19)
FNDA:0,(anonymous_20)
FNDA:0,(anonymous_21)
FNDA:0,(anonymous_22)
FNDA:2,(anonymous_23)
FNDA:1,(anonymous_24)
FNDA:1,(anonymous_25)
FNDA:1,(anonymous_26)
FNDA:1,(anonymous_27)
FNDA:1,(anonymous_28)
FNDA:1,(anonymous_29)
DA:1,2
DA:2,2
DA:5,2
DA:6,0
DA:9,2
DA:10,0
DA:20,2
DA:31,2
DA:36,0
DA:37,0
DA:38,0
DA:39,0
DA:42,2
DA:44,1
DA:49,1
DA:55,1
DA:60,1
DA:65,1
DA:71,1
DA:79,2
DA:84,2
LF:21
LH:15
BRDA:57,0,0,1
BRDA:57,0,1,0
BRDA:73,1,0,1
BRDA:73,1,1,0
BRF:4
BRH:2
end_of_record
TN:
SF:src/slices/ingredientsSlice.ts
FN:19,(anonymous_13)
FN:26,(anonymous_16)
FN:31,(anonymous_17)
FN:32,(anonymous_18)
FN:33,(anonymous_19)
FN:36,(anonymous_20)
FN:38,(anonymous_21)
FN:44,(anonymous_22)
FN:49,(anonymous_23)
FNF:9
FNH:4
FNDA:0,(anonymous_13)
FNDA:0,(anonymous_16)
FNDA:0,(anonymous_17)
FNDA:0,(anonymous_18)
FNDA:0,(anonymous_19)
FNDA:2,(anonymous_20)
FNDA:1,(anonymous_21)
FNDA:1,(anonymous_22)
FNDA:1,(anonymous_23)
DA:1,2
DA:2,2
DA:11,2
DA:17,2
DA:19,0
DA:22,2
DA:27,0
DA:31,0
DA:32,0
DA:33,0
DA:37,2
DA:39,1
DA:40,1
DA:45,1
DA:46,1
DA:50,1
DA:51,1
DA:56,2
DA:58,2
DA:62,2
DA:63,2
LF:21
LH:16
BRF:0
BRH:0
end_of_record
TN:
SF:src/slices/orderSlice.ts
FN:8,(anonymous_13)
FN:28,(anonymous_16)
FN:28,(anonymous_17)
FN:48,(anonymous_19)
FN:55,(anonymous_20)
FN:56,(anonymous_21)
FN:57,(anonymous_22)
FN:59,(anonymous_23)
FN:61,(anonymous_24)
FN:67,(anonymous_25)
FN:73,(anonymous_26)
FN:78,(anonymous_27)
FN:84,(anonymous_28)
FN:90,(anonymous_29)
FNF:14
FNH:8
FNDA:0,(anonymous_13)
FNDA:0,(anonymous_16)
FNDA:0,(anonymous_17)
FNDA:1,(anonymous_19)
FNDA:0,(anonymous_20)
FNDA:0,(anonymous_21)
FNDA:0,(anonymous_22)
FNDA:2,(anonymous_23)
FNDA:1,(anonymous_24)
FNDA:1,(anonymous_25)
FNDA:1,(anonymous_26)
FNDA:1,(anonymous_27)
FNDA:1,(anonymous_28)
FNDA:1,(anonymous_29)
DA:1,2
DA:2,2
DA:4,2
DA:6,2
DA:8,0
DA:10,0
DA:11,0
DA:12,0
DA:14,0
DA:15,0
DA:16,0
DA:19,0
DA:21,0
DA:26,2
DA:28,0
DA:29,0
DA:38,2
DA:44,2
DA:49,1
DA:55,0
DA:56,0
DA:57,0
DA:60,2
DA:62,1
DA:63,1
DA:68,1
DA:69,1
DA:70,1
DA:74,1
DA:75,1
DA:79,1
DA:80,1
DA:85,1
DA:86,1
DA:87,1
DA:91,1
DA:92,1
DA:98,2
DA:99,2
DA:101,2
DA:102,2
LF:41
LH:27
BRDA:11,0,0,0
BRDA:15,1,0,0
BRDA:29,2,0,0
BRDA:29,2,1,0
BRDA:76,3,0,1
BRDA:76,3,1,0
BRDA:93,4,0,1
BRDA:93,4,1,0
BRF:8
BRH:2
end_of_record
TN:
SF:src/slices/userSlice.ts
FN:16,(anonymous_13)
FN:16,(anonymous_14)
FN:26,(anonymous_16)
FN:40,(anonymous_19)
FN:48,(anonymous_22)
FN:48,(anonymous_23)
FN:51,(anonymous_25)
FN:53,(anonymous_26)
FN:56,(anonymous_29)
FN:57,(anonymous_30)
FN:81,(anonymous_31)
FN:84,(anonymous_32)
FN:89,(anonymous_33)
FN:90,(anonymous_34)
FN:91,(anonymous_35)
FN:92,(anonymous_36)
FN:94,(anonymous_37)
FN:96,(anonymous_38)
FN:102,(anonymous_39)
FN:107,(anonymous_40)
FN:111,(anonymous_41)
FN:115,(anonymous_42)
FN:119,(anonymous_43)
FN:123,(anonymous_44)
FN:127,(anonymous_45)
FN:131,(anonymous_46)
FN:135,(anonymous_47)
FN:139,(anonymous_48)
FN:143,(anonymous_49)
FNF:29
FNH:15
FNDA:0,(anonymous_13)
FNDA:0,(anonymous_14)
FNDA:0,(anonymous_16)
FNDA:0,(anonymous_19)
FNDA:0,(anonymous_22)
FNDA:0,(anonymous_23)
FNDA:0,(anonymous_25)
FNDA:0,(anonymous_26)
FNDA:0,(anonymous_29)
FNDA:0,(anonymous_30)
FNDA:1,(anonymous_31)
FNDA:1,(anonymous_32)
FNDA:0,(anonymous_33)
FNDA:0,(anonymous_34)
FNDA:0,(anonymous_35)
FNDA:0,(anonymous_36)
FNDA:2,(anonymous_37)
FNDA:1,(anonymous_38)
FNDA:1,(anonymous_39)
FNDA:1,(anonymous_40)
FNDA:1,(anonymous_41)
FNDA:1,(anonymous_42)
FNDA:1,(anonymous_43)
FNDA:1,(anonymous_44)
FNDA:1,(anonymous_45)
FNDA:1,(anonymous_46)
FNDA:1,(anonymous_47)
FNDA:1,(anonymous_48)
FNDA:1,(anonymous_49)
DA:1,2
DA:10,2
DA:12,2
DA:14,2
DA:16,0
DA:17,0
DA:18,0
DA:19,0
DA:20,0
DA:24,2
DA:26,0
DA:28,0
DA:29,0
DA:30,0
DA:31,0
DA:33,0
DA:40,2
DA:41,0
DA:42,0
DA:43,0
DA:46,2
DA:48,0
DA:51,2
DA:53,2
DA:54,0
DA:55,0
DA:56,0
DA:57,0
DA:59,0
DA:70,2
DA:77,2
DA:82,1
DA:85,1
DA:89,0
DA:90,0
DA:91,0
DA:92,0
DA:95,2
DA:97,1
DA:98,1
DA:103,1
DA:104,1
DA:108,1
DA:109,1
DA:112,1
DA:113,1
DA:116,1
DA:117,1
DA:120,1
DA:121,1
DA:124,1
DA:125,1
DA:128,1
DA:129,1
DA:132,1
DA:133,1
DA:136,1
DA:137,1
DA:140,1
DA:141,1
DA:144,1
DA:145,1
DA:151,2
DA:153,2
DA:158,2
DA:159,2
LF:66
LH:42
BRDA:17,0,0,0
BRDA:41,1,0,0
BRDA:48,2,0,0
BRDA:48,2,1,0
BRDA:54,3,0,0
BRDA:54,3,1,0
BRDA:109,4,0,1
BRDA:109,4,1,0
BRDA:121,5,0,1
BRDA:121,5,1,0
BRDA:133,6,0,1
BRDA:133,6,1,0
BRDA:146,7,0,1
BRDA:146,7,1,0
BRF:14
BRH:4
end_of_record
TN:
SF:src/utils/burger-api.ts
FN:6,(anonymous_13)
FN:7,(anonymous_14)
FN:18,(anonymous_15)
FN:28,(anonymous_16)
FN:29,(anonymous_17)
FN:38,(anonymous_18)
FN:40,(anonymous_19)
FN:74,(anonymous_21)
FN:76,(anonymous_22)
FN:77,(anonymous_23)
FN:82,(anonymous_24)
FN:84,(anonymous_25)
FN:85,(anonymous_26)
FN:90,(anonymous_27)
FN:97,(anonymous_28)
FN:107,(anonymous_29)
FN:117,(anonymous_30)
FN:126,(anonymous_31)
FN:132,(anonymous_32)
FN:146,(anonymous_33)
FN:154,(anonymous_34)
FN:155,(anonymous_35)
FN:165,(anonymous_36)
FN:173,(anonymous_37)
FN:174,(anonymous_38)
FN:179,(anonymous_39)
FN:187,(anonymous_40)
FN:188,(anonymous_41)
FN:193,(anonymous_42)
FN:201,(anonymous_43)
FN:202,(anonymous_44)
FN:209,(anonymous_45)
FN:216,(anonymous_46)
FN:226,(anonymous_47)
FN:235,(anonymous_48)
FNF:35
FNH:0
FNDA:0,(anonymous_13)
FNDA:0,(anonymous_14)
FNDA:0,(anonymous_15)
FNDA:0,(anonymous_16)
FNDA:0,(anonymous_17)
FNDA:0,(anonymous_18)
FNDA:0,(anonymous_19)
FNDA:0,(anonymous_21)
FNDA:0,(anonymous_22)
FNDA:0,(anonymous_23)
FNDA:0,(anonymous_24)
FNDA:0,(anonymous_25)
FNDA:0,(anonymous_26)
FNDA:0,(anonymous_27)
FNDA:0,(anonymous_28)
FNDA:0,(anonymous_29)
FNDA:0,(anonymous_30)
FNDA:0,(anonymous_31)
FNDA:0,(anonymous_32)
FNDA:0,(anonymous_33)
FNDA:0,(anonymous_34)
FNDA:0,(anonymous_35)
FNDA:0,(anonymous_36)
FNDA:0,(anonymous_37)
FNDA:0,(anonymous_38)
FNDA:0,(anonymous_39)
FNDA:0,(anonymous_40)
FNDA:0,(anonymous_41)
FNDA:0,(anonymous_42)
FNDA:0,(anonymous_43)
FNDA:0,(anonymous_44)
FNDA:0,(anonymous_45)
FNDA:0,(anonymous_46)
FNDA:0,(anonymous_47)
FNDA:0,(anonymous_48)
DA:1,4
DA:4,4
DA:6,4
DA:7,0
DA:18,4
DA:19,0
DA:28,0
DA:30,0
DA:31,0
DA:33,0
DA:34,0
DA:35,0
DA:38,4
DA:40,0
DA:43,0
DA:44,0
DA:46,0
DA:47,0
DA:48,0
DA:49,0
DA:52,0
DA:53,0
DA:55,0
DA:74,4
DA:75,0
DA:76,0
DA:78,0
DA:79,0
DA:82,4
DA:83,0
DA:84,0
DA:86,0
DA:87,0
DA:90,4
DA:91,0
DA:98,0
DA:99,0
DA:107,4
DA:108,0
DA:118,0
DA:119,0
DA:126,4
DA:127,0
DA:132,0
DA:146,4
DA:147,0
DA:154,0
DA:156,0
DA:157,0
DA:165,4
DA:166,0
DA:173,0
DA:175,0
DA:176,0
DA:179,4
DA:180,0
DA:187,0
DA:189,0
DA:190,0
DA:193,4
DA:194,0
DA:201,0
DA:203,0
DA:204,0
DA:209,4
DA:210,0
DA:216,4
DA:217,0
DA:226,4
DA:227,0
DA:235,0
LF:71
LH:17
BRDA:7,0,0,0
BRDA:7,0,1,0
BRDA:30,1,0,0
BRDA:44,2,0,0
BRDA:44,2,1,0
BRDA:44,2,2,0
BRDA:46,3,0,0
BRDA:48,4,0,0
BRDA:78,5,0,0
BRDA:78,6,0,0
BRDA:78,6,1,0
BRDA:78,7,0,0
BRDA:78,7,1,0
BRDA:86,8,0,0
BRDA:86,9,0,0
BRDA:86,9,1,0
BRDA:86,10,0,0
BRDA:86,10,1,0
BRDA:98,11,0,0
BRDA:98,12,0,0
BRDA:98,12,1,0
BRDA:98,13,0,0
BRDA:98,13,1,0
BRDA:118,14,0,0
BRDA:118,15,0,0
BRDA:118,15,1,0
BRDA:118,16,0,0
BRDA:118,16,1,0
BRDA:156,17,0,0
BRDA:156,18,0,0
BRDA:156,18,1,0
BRDA:156,19,0,0
BRDA:156,19,1,0
BRDA:175,20,0,0
BRDA:175,21,0,0
BRDA:175,21,1,0
BRDA:175,22,0,0
BRDA:175,22,1,0
BRDA:189,23,0,0
BRDA:189,24,0,0
BRDA:189,24,1,0
BRDA:189,25,0,0
BRDA:189,25,1,0
BRDA:203,26,0,0
BRDA:203,27,0,0
BRDA:203,27,1,0
BRDA:203,28,0,0
BRDA:203,28,1,0
BRF:48
BRH:0
end_of_record
TN:
SF:src/utils/cookie.ts
FN:1,getCookie
FN:13,setCookie
FN:45,deleteCookie
FNF:3
FNH:0
FNDA:0,getCookie
FNDA:0,setCookie
FNDA:0,deleteCookie
DA:1,4
DA:2,0
DA:10,0
DA:13,4
DA:16,0
DA:18,0
DA:23,0
DA:24,0
DA:25,0
DA:26,0
DA:27,0
DA:30,0
DA:31,0
DA:33,0
DA:34,0
DA:35,0
DA:36,0
DA:37,0
DA:38,0
DA:39,0
DA:42,0
DA:45,4
DA:46,0
LF:23
LH:3
BRDA:10,0,0,0
BRDA:10,0,1,0
BRDA:16,1,0,0
BRDA:24,2,0,0
BRDA:24,3,0,0
BRDA:24,3,1,0
BRDA:30,4,0,0
BRDA:30,5,0,0
BRDA:30,5,1,0
BRDA:38,6,0,0
BRF:10
BRH:0
end_of_record
